<?xml version="1.0" encoding="UTF-8"?>
<!-- Generated by org.testng.reporters.JUnitReportReporter -->
<testsuite skipped="0" hostname="DESKTOP-CRHCDT9" name="com.testNgDemo.TestNGScript" tests="3" failures="0" timestamp="25 Nov 2017 04:19:07 GMT" time="0.018" errors="0">
  <testcase name="selectItems" time="0.003" classname="com.testNgDemo.TestNGScript"/>
  <testcase name="checkOut" time="0.011" classname="com.testNgDemo.TestNGScript"/>
  <testcase name="loginApplication" time="0.004" classname="com.testNgDemo.TestNGScript"/>
</testsuite> <!-- com.testNgDemo.TestNGScript -->
