<?xml version="1.0" encoding="UTF-8"?>
<!-- Generated by org.testng.reporters.JUnitReportReporter -->
<testsuite skipped="0" hostname="DESKTOP-CRHCDT9" name="com.dependencies.MyApplication2" tests="3" failures="0" timestamp="25 Nov 2017 06:04:24 GMT" time="20.593" errors="0">
  <testcase name="logoutApp" time="5.683" classname="com.dependencies.MyApplication2"/>
  <testcase name="loginApp" time="5.573" classname="com.dependencies.MyApplication2"/>
  <testcase name="startApp" time="9.337" classname="com.dependencies.MyApplication2"/>
</testsuite> <!-- com.dependencies.MyApplication2 -->
