<?xml version="1.0" encoding="UTF-8"?>
<!-- Generated by org.testng.reporters.JUnitReportReporter -->
<testsuite skipped="0" hostname="DESKTOP-CRHCDT9" name="com.verifyTitle.verifyTitle" tests="1" failures="0" timestamp="25 Nov 2017 06:19:08 GMT" time="52.750" errors="0">
  <testcase name="verifyApplicationTitle" time="52.750" classname="com.verifyTitle.verifyTitle"/>
</testsuite> <!-- com.verifyTitle.verifyTitle -->
