<?xml version="1.0" encoding="UTF-8"?>
<!-- Generated by org.testng.reporters.JUnitReportReporter -->
<testsuite skipped="0" hostname="DESKTOP-CRHCDT9" name="com.testNgPriority.TEstNGScript2" tests="3" failures="0" timestamp="25 Nov 2017 04:31:11 GMT" time="0.014" errors="0">
  <testcase name="checkOut" time="0.011" classname="com.testNgPriority.TEstNGScript2"/>
  <testcase name="loginApplication" time="0.002" classname="com.testNgPriority.TEstNGScript2"/>
  <testcase name="selectItems" time="0.001" classname="com.testNgPriority.TEstNGScript2"/>
</testsuite> <!-- com.testNgPriority.TEstNGScript2 -->
