<?xml version="1.0" encoding="UTF-8"?>
<!-- Generated by org.testng.reporters.JUnitReportReporter -->
<testsuite skipped="0" hostname="DESKTOP-CRHCDT9" name="com.crossBrowserTesting.VerifyTitle" tests="2" failures="0" timestamp="25 Nov 2017 09:23:27 GMT" time="130.826" errors="0">
  <testcase name="verifypageTitle" time="64.616" classname="com.crossBrowserTesting.VerifyTitle"/>
  <testcase name="verifypageTitle" time="66.210" classname="com.crossBrowserTesting.VerifyTitle"/>
</testsuite> <!-- com.crossBrowserTesting.VerifyTitle -->
